<?xml version="1.0" encoding="UTF-8"?>
<!-- Generated by org.testng.reporters.JUnitXMLReporter -->
<testsuite ignored="0" hostname="DESKTOP-0JG2CHN" failures="1" tests="2" name="Test" time="72.319" errors="0" timestamp="2020-02-13T10:27:42 IST">
  <testcase classname="com.training.sanity.tests.LoginTests" name="validLoginTest" time="5.705"/>
  <testcase classname="com.training.sanity.tests.PropertiesTest" name="clickPropBtn" time="5.005">
    <failure type="java.lang.NullPointerException">
      <![CDATA[java.lang.NullPointerException
at com.training.sanity.tests.PropertiesTest.clickPropBtn(PropertiesTest.java:61)
at java.base/java.util.ArrayList.forEach(ArrayList.java:1507)
... Removed 27 stack frames]]>
    </failure>
  </testcase> <!-- clickPropBtn -->
</testsuite> <!-- Test -->
