<?xml version="1.0" encoding="UTF-8"?>
<testng-results ignored="0" total="5" passed="5" failed="0" skipped="0">
  <reporter-output>
  </reporter-output>
  <suite started-at="2020-02-18T16:44:06 IST" name="Default suite" finished-at="2020-02-18T16:45:26 IST" duration-ms="79828">
    <groups>
    </groups>
    <test started-at="2020-02-18T16:44:06 IST" name="Default test" finished-at="2020-02-18T16:45:26 IST" duration-ms="79828">
      <class name="com.training.sanity.tests.DeleteRegionTest">
        <test-method is-config="true" signature="setUpBeforeClass()[pri:0, instance:com.training.sanity.tests.DeleteRegionTest@15b204a1]" started-at="2020-02-18T16:44:06 IST" name="setUpBeforeClass" finished-at="2020-02-18T16:44:47 IST" duration-ms="41264" status="PASS">
          <reporter-output>
          </reporter-output>
        </test-method> <!-- setUpBeforeClass -->
        <test-method signature="validLoginTest()[pri:0, instance:com.training.sanity.tests.DeleteRegionTest@15b204a1]" started-at="2020-02-18T16:44:47 IST" name="validLoginTest" finished-at="2020-02-18T16:44:53 IST" duration-ms="5441" status="PASS">
          <reporter-output>
          </reporter-output>
        </test-method> <!-- validLoginTest -->
        <test-method is-config="true" signature="tearDown()[pri:0, instance:com.training.sanity.tests.DeleteRegionTest@15b204a1]" started-at="2020-02-18T16:44:53 IST" name="tearDown" finished-at="2020-02-18T16:44:54 IST" duration-ms="1341" status="PASS">
          <reporter-output>
          </reporter-output>
        </test-method> <!-- tearDown -->
        <test-method signature="clickPropBtn()[pri:1, instance:com.training.sanity.tests.DeleteRegionTest@15b204a1]" started-at="2020-02-18T16:44:54 IST" name="clickPropBtn" finished-at="2020-02-18T16:45:05 IST" duration-ms="10538" status="PASS">
          <reporter-output>
          </reporter-output>
        </test-method> <!-- clickPropBtn -->
        <test-method is-config="true" signature="tearDown()[pri:0, instance:com.training.sanity.tests.DeleteRegionTest@15b204a1]" started-at="2020-02-18T16:45:05 IST" name="tearDown" finished-at="2020-02-18T16:45:06 IST" duration-ms="1160" status="PASS">
          <reporter-output>
          </reporter-output>
        </test-method> <!-- tearDown -->
        <test-method signature="clickRegionsBtn()[pri:2, instance:com.training.sanity.tests.DeleteRegionTest@15b204a1]" started-at="2020-02-18T16:45:06 IST" name="clickRegionsBtn" finished-at="2020-02-18T16:45:15 IST" duration-ms="8906" status="PASS">
          <reporter-output>
          </reporter-output>
        </test-method> <!-- clickRegionsBtn -->
        <test-method is-config="true" signature="tearDown()[pri:0, instance:com.training.sanity.tests.DeleteRegionTest@15b204a1]" started-at="2020-02-18T16:45:15 IST" name="tearDown" finished-at="2020-02-18T16:45:16 IST" duration-ms="1117" status="PASS">
          <reporter-output>
          </reporter-output>
        </test-method> <!-- tearDown -->
        <test-method signature="searchSelectRegion()[pri:3, instance:com.training.sanity.tests.DeleteRegionTest@15b204a1]" started-at="2020-02-18T16:45:16 IST" name="searchSelectRegion" finished-at="2020-02-18T16:45:19 IST" duration-ms="3110" status="PASS">
          <reporter-output>
          </reporter-output>
        </test-method> <!-- searchSelectRegion -->
        <test-method is-config="true" signature="tearDown()[pri:0, instance:com.training.sanity.tests.DeleteRegionTest@15b204a1]" started-at="2020-02-18T16:45:19 IST" name="tearDown" finished-at="2020-02-18T16:45:20 IST" duration-ms="1125" status="PASS">
          <reporter-output>
          </reporter-output>
        </test-method> <!-- tearDown -->
        <test-method signature="deleteRegion()[pri:4, instance:com.training.sanity.tests.DeleteRegionTest@15b204a1]" started-at="2020-02-18T16:45:20 IST" name="deleteRegion" finished-at="2020-02-18T16:45:25 IST" duration-ms="4676" status="PASS">
          <reporter-output>
          </reporter-output>
        </test-method> <!-- deleteRegion -->
        <test-method is-config="true" signature="tearDown()[pri:0, instance:com.training.sanity.tests.DeleteRegionTest@15b204a1]" started-at="2020-02-18T16:45:25 IST" name="tearDown" finished-at="2020-02-18T16:45:26 IST" duration-ms="1106" status="PASS">
          <reporter-output>
          </reporter-output>
        </test-method> <!-- tearDown -->
      </class> <!-- com.training.sanity.tests.DeleteRegionTest -->
    </test> <!-- Default test -->
  </suite> <!-- Default suite -->
</testng-results>
