<?xml version="1.0" encoding="UTF-8"?>
<!-- Generated by org.testng.reporters.JUnitXMLReporter -->
<testsuite ignored="0" hostname="DESKTOP-0JG2CHN" failures="0" tests="5" name="Default test" time="79.828" errors="0" timestamp="2020-02-18T16:45:26 IST">
  <testcase classname="com.training.sanity.tests.DeleteRegionTest" name="validLoginTest" time="5.441"/>
  <testcase classname="com.training.sanity.tests.DeleteRegionTest" name="clickPropBtn" time="10.538"/>
  <testcase classname="com.training.sanity.tests.DeleteRegionTest" name="clickRegionsBtn" time="8.906"/>
  <testcase classname="com.training.sanity.tests.DeleteRegionTest" name="searchSelectRegion" time="3.11"/>
  <testcase classname="com.training.sanity.tests.DeleteRegionTest" name="deleteRegion" time="4.676"/>
</testsuite> <!-- Default test -->
